<?xml version="1.0" encoding="UTF-8"?>
<testng-results ignored="0" total="1" passed="1" failed="0" skipped="0">
  <reporter-output>
  </reporter-output>
  <suite started-at="2023-02-03T12:49:15 EST" name="Default suite" finished-at="2023-02-03T12:49:15 EST" duration-ms="200">
    <groups>
    </groups>
    <test started-at="2023-02-03T12:49:15 EST" name="Default test" finished-at="2023-02-03T12:49:15 EST" duration-ms="200">
      <class name="testng.NewTest">
        <test-method signature="f()[pri:0, instance:testng.NewTest@55f616cf]" started-at="2023-02-03T12:49:15 EST" name="f" finished-at="2023-02-03T12:49:15 EST" duration-ms="56" status="PASS">
          <reporter-output>
          </reporter-output>
        </test-method> <!-- f -->
      </class> <!-- testng.NewTest -->
    </test> <!-- Default test -->
  </suite> <!-- Default suite -->
</testng-results>
